<?xml version="1.0" encoding="UTF-8"?>
<!-- Generated by org.testng.reporters.JUnitXMLReporter -->
<testsuite ignored="0" hostname="Raj-Maghade-07" failures="1" tests="2" name="Test" time="6.595" errors="0" timestamp="2022-12-15T08:51:22 IST">
  <testcase classname="TestCases.SignUpTestCase" name="verifySignUp" time="5.519">
    <failure type="java.lang.NullPointerException" message="Cannot invoke &amp;quot;org.openqa.selenium.WebDriver.get(String)&amp;quot; because &amp;quot;this.driver&amp;quot; is null">
      <![CDATA[java.lang.NullPointerException: Cannot invoke "org.openqa.selenium.WebDriver.get(String)" because "this.driver" is null
at TestCases.SignUpTestCase.verifySignUp(SignUpTestCase.java:23)
at java.base/java.util.ArrayList.forEach(ArrayList.java:1511)
... Removed 27 stack frames]]>
    </failure>
  </testcase> <!-- verifySignUp -->
  <testcase classname="TestCases.test1" name="method1" time="1.014"/>
</testsuite> <!-- Test -->
