<?xml version="1.0" encoding="UTF-8"?>
<testng-results ignored="0" total="1" passed="1" failed="0" skipped="0">
  <reporter-output>
  </reporter-output>
  <suite started-at="2022-12-15T23:11:21 IST" name="Default suite" finished-at="2022-12-15T23:11:28 IST" duration-ms="6743">
    <groups>
    </groups>
    <test started-at="2022-12-15T23:11:21 IST" name="Default test" finished-at="2022-12-15T23:11:28 IST" duration-ms="6743">
      <class name="TestCases.test">
        <test-method is-config="true" signature="launch()[pri:0, instance:TestCases.test@3c407114]" started-at="2022-12-15T23:11:21 IST" name="launch" finished-at="2022-12-15T23:11:28 IST" duration-ms="6681" status="PASS">
          <reporter-output>
          </reporter-output>
        </test-method> <!-- launch -->
        <test-method signature="method1()[pri:0, instance:TestCases.test@3c407114]" started-at="2022-12-15T23:11:28 IST" name="method1" finished-at="2022-12-15T23:11:28 IST" duration-ms="9" status="PASS">
          <reporter-output>
          </reporter-output>
        </test-method> <!-- method1 -->
      </class> <!-- TestCases.test -->
    </test> <!-- Default test -->
  </suite> <!-- Default suite -->
</testng-results>
